<?xml version="1.0" encoding="utf-8"?><testsuites name="pytest tests"><testsuite name="pytest" errors="0" failures="0" skipped="0" tests="17" time="27.935" timestamp="2026-04-29T08:09:04.724303+00:00" hostname="agent-env-0af748d9-a6a4-4649-941a-029194a30e71"><testcase classname="backend.tests.backend_test" name="test_root" time="0.761" /><testcase classname="backend.tests.backend_test" name="test_login_bad" time="1.206" /><testcase classname="backend.tests.backend_test" name="test_login_ok" time="0.992" /><testcase classname="backend.tests.backend_test" name="test_me" time="0.275" /><testcase classname="backend.tests.backend_test" name="test_stats" time="0.323" /><testcase classname="backend.tests.backend_test" name="test_transactions_list" time="0.397" /><testcase classname="backend.tests.backend_test" name="test_transactions_filter" time="0.356" /><testcase classname="backend.tests.backend_test" name="test_tx_detail" time="13.953" /><testcase classname="backend.tests.backend_test" name="test_alerts_and_patch" time="1.968" /><testcase classname="backend.tests.backend_test" name="test_graph_network" time="1.262" /><testcase classname="backend.tests.backend_test" name="test_sar_create_and_list" time="1.314" /><testcase classname="backend.tests.backend_test" name="test_scan_run" time="1.416" /><testcase classname="backend.tests.backend_test" name="test_unauthorized" time="0.504" /><testcase classname="backend.tests.backend_test" name="test_root_db_sqlite" time="0.319" /><testcase classname="backend.tests.backend_test" name="test_export_csv_171_rows" time="0.500" /><testcase classname="backend.tests.backend_test" name="test_list_fields_are_arrays" time="0.417" /><testcase classname="backend.tests.backend_test" name="test_sar_transaction_ids_are_list" time="1.290" /></testsuite></testsuites>